ERROR - 2024-05-01 13:05:33 --> Error connecting to the database: mysqli_sql_exception: Unknown database 'skincare_store' in C:\Users\Admin\Desktop\project_skincare_uniba\vendor\codeigniter4\framework\system\Database\MySQLi\Connection.php:184
Stack trace:
#0 C:\Users\Admin\Desktop\project_skincare_uniba\vendor\codeigniter4\framework\system\Database\MySQLi\Connection.php(184): mysqli->real_connect('localhost', 'root', Object(SensitiveParameterValue), 'skincare_store', 3306, '', 0)
#1 C:\Users\Admin\Desktop\project_skincare_uniba\vendor\codeigniter4\framework\system\Database\BaseConnection.php(392): CodeIgniter\Database\MySQLi\Connection->connect(false)
#2 C:\Users\Admin\Desktop\project_skincare_uniba\vendor\codeigniter4\framework\system\Database\BaseConnection.php(575): CodeIgniter\Database\BaseConnection->initialize()
#3 C:\Users\Admin\Desktop\project_skincare_uniba\vendor\codeigniter4\framework\system\Database\BaseBuilder.php(1616): CodeIgniter\Database\BaseConnection->query('SELECT *\nFROM `...', Array, false)
#4 C:\Users\Admin\Desktop\project_skincare_uniba\vendor\codeigniter4\framework\system\Model.php(242): CodeIgniter\Database\BaseBuilder->get()
#5 C:\Users\Admin\Desktop\project_skincare_uniba\vendor\codeigniter4\framework\system\BaseModel.php(638): CodeIgniter\Model->doFindAll(0, 0)
#6 C:\Users\Admin\Desktop\project_skincare_uniba\app\Models\ProdukModel.php(11): CodeIgniter\BaseModel->findAll()
#7 C:\Users\Admin\Desktop\project_skincare_uniba\app\Controllers\Produk.php(20): App\Models\ProdukModel->getProduk()
#8 C:\Users\Admin\Desktop\project_skincare_uniba\vendor\codeigniter4\framework\system\CodeIgniter.php(941): App\Controllers\Produk->index()
#9 C:\Users\Admin\Desktop\project_skincare_uniba\vendor\codeigniter4\framework\system\CodeIgniter.php(502): CodeIgniter\CodeIgniter->runController(Object(App\Controllers\Produk))
#10 C:\Users\Admin\Desktop\project_skincare_uniba\vendor\codeigniter4\framework\system\CodeIgniter.php(361): CodeIgniter\CodeIgniter->handleRequest(NULL, Object(Config\Cache), false)
#11 C:\Users\Admin\Desktop\project_skincare_uniba\public\index.php(79): CodeIgniter\CodeIgniter->run()
#12 C:\Users\Admin\Desktop\project_skincare_uniba\vendor\codeigniter4\framework\system\Commands\Server\rewrite.php(47): require_once('C:\\Users\\Admin\\...')
#13 {main}

Next CodeIgniter\Database\Exceptions\DatabaseException: Unknown database 'skincare_store' in C:\Users\Admin\Desktop\project_skincare_uniba\vendor\codeigniter4\framework\system\Database\MySQLi\Connection.php:229
Stack trace:
#0 C:\Users\Admin\Desktop\project_skincare_uniba\vendor\codeigniter4\framework\system\Database\BaseConnection.php(392): CodeIgniter\Database\MySQLi\Connection->connect(false)
#1 C:\Users\Admin\Desktop\project_skincare_uniba\vendor\codeigniter4\framework\system\Database\BaseConnection.php(575): CodeIgniter\Database\BaseConnection->initialize()
#2 C:\Users\Admin\Desktop\project_skincare_uniba\vendor\codeigniter4\framework\system\Database\BaseBuilder.php(1616): CodeIgniter\Database\BaseConnection->query('SELECT *\nFROM `...', Array, false)
#3 C:\Users\Admin\Desktop\project_skincare_uniba\vendor\codeigniter4\framework\system\Model.php(242): CodeIgniter\Database\BaseBuilder->get()
#4 C:\Users\Admin\Desktop\project_skincare_uniba\vendor\codeigniter4\framework\system\BaseModel.php(638): CodeIgniter\Model->doFindAll(0, 0)
#5 C:\Users\Admin\Desktop\project_skincare_uniba\app\Models\ProdukModel.php(11): CodeIgniter\BaseModel->findAll()
#6 C:\Users\Admin\Desktop\project_skincare_uniba\app\Controllers\Produk.php(20): App\Models\ProdukModel->getProduk()
#7 C:\Users\Admin\Desktop\project_skincare_uniba\vendor\codeigniter4\framework\system\CodeIgniter.php(941): App\Controllers\Produk->index()
#8 C:\Users\Admin\Desktop\project_skincare_uniba\vendor\codeigniter4\framework\system\CodeIgniter.php(502): CodeIgniter\CodeIgniter->runController(Object(App\Controllers\Produk))
#9 C:\Users\Admin\Desktop\project_skincare_uniba\vendor\codeigniter4\framework\system\CodeIgniter.php(361): CodeIgniter\CodeIgniter->handleRequest(NULL, Object(Config\Cache), false)
#10 C:\Users\Admin\Desktop\project_skincare_uniba\public\index.php(79): CodeIgniter\CodeIgniter->run()
#11 C:\Users\Admin\Desktop\project_skincare_uniba\vendor\codeigniter4\framework\system\Commands\Server\rewrite.php(47): require_once('C:\\Users\\Admin\\...')
#12 {main}
CRITICAL - 2024-05-01 13:05:33 --> CodeIgniter\Database\Exceptions\DatabaseException: Unable to connect to the database.
Main connection [MySQLi]: Unknown database 'skincare_store'
in SYSTEMPATH\Database\BaseConnection.php on line 428.
 1 SYSTEMPATH\Database\BaseConnection.php(575): CodeIgniter\Database\BaseConnection->initialize()
 2 SYSTEMPATH\Database\BaseBuilder.php(1616): CodeIgniter\Database\BaseConnection->query('SELECT *
FROM `produk`', [], false)
 3 SYSTEMPATH\Model.php(242): CodeIgniter\Database\BaseBuilder->get()
 4 SYSTEMPATH\BaseModel.php(638): CodeIgniter\Model->doFindAll(0, 0)
 5 APPPATH\Models\ProdukModel.php(11): CodeIgniter\BaseModel->findAll()
 6 APPPATH\Controllers\Produk.php(20): App\Models\ProdukModel->getProduk()
 7 SYSTEMPATH\CodeIgniter.php(941): App\Controllers\Produk->index()
 8 SYSTEMPATH\CodeIgniter.php(502): CodeIgniter\CodeIgniter->runController(Object(App\Controllers\Produk))
 9 SYSTEMPATH\CodeIgniter.php(361): CodeIgniter\CodeIgniter->handleRequest(null, Object(Config\Cache), false)
10 FCPATH\index.php(79): CodeIgniter\CodeIgniter->run()
11 SYSTEMPATH\Commands\Server\rewrite.php(47): require_once('C:\\Users\\Admin\\Desktop\\project_skincare_uniba\\public\\index.php')
ERROR - 2024-05-01 13:32:50 --> Error connecting to the database: mysqli_sql_exception: Unknown database 'skincare_store' in C:\Users\Admin\Desktop\project_skincare_uniba\vendor\codeigniter4\framework\system\Database\MySQLi\Connection.php:184
Stack trace:
#0 C:\Users\Admin\Desktop\project_skincare_uniba\vendor\codeigniter4\framework\system\Database\MySQLi\Connection.php(184): mysqli->real_connect('localhost', 'root', Object(SensitiveParameterValue), 'skincare_store', 3306, '', 0)
#1 C:\Users\Admin\Desktop\project_skincare_uniba\vendor\codeigniter4\framework\system\Database\BaseConnection.php(392): CodeIgniter\Database\MySQLi\Connection->connect(false)
#2 C:\Users\Admin\Desktop\project_skincare_uniba\vendor\codeigniter4\framework\system\Database\BaseConnection.php(575): CodeIgniter\Database\BaseConnection->initialize()
#3 C:\Users\Admin\Desktop\project_skincare_uniba\vendor\codeigniter4\framework\system\Database\BaseBuilder.php(1616): CodeIgniter\Database\BaseConnection->query('SELECT *\nFROM `...', Array, false)
#4 C:\Users\Admin\Desktop\project_skincare_uniba\vendor\codeigniter4\framework\system\Model.php(242): CodeIgniter\Database\BaseBuilder->get()
#5 C:\Users\Admin\Desktop\project_skincare_uniba\vendor\codeigniter4\framework\system\BaseModel.php(638): CodeIgniter\Model->doFindAll(0, 0)
#6 C:\Users\Admin\Desktop\project_skincare_uniba\app\Models\ProdukModel.php(11): CodeIgniter\BaseModel->findAll()
#7 C:\Users\Admin\Desktop\project_skincare_uniba\app\Controllers\Produk.php(20): App\Models\ProdukModel->getProduk()
#8 C:\Users\Admin\Desktop\project_skincare_uniba\vendor\codeigniter4\framework\system\CodeIgniter.php(941): App\Controllers\Produk->index()
#9 C:\Users\Admin\Desktop\project_skincare_uniba\vendor\codeigniter4\framework\system\CodeIgniter.php(502): CodeIgniter\CodeIgniter->runController(Object(App\Controllers\Produk))
#10 C:\Users\Admin\Desktop\project_skincare_uniba\vendor\codeigniter4\framework\system\CodeIgniter.php(361): CodeIgniter\CodeIgniter->handleRequest(NULL, Object(Config\Cache), false)
#11 C:\Users\Admin\Desktop\project_skincare_uniba\public\index.php(79): CodeIgniter\CodeIgniter->run()
#12 C:\Users\Admin\Desktop\project_skincare_uniba\vendor\codeigniter4\framework\system\Commands\Server\rewrite.php(47): require_once('C:\\Users\\Admin\\...')
#13 {main}

Next CodeIgniter\Database\Exceptions\DatabaseException: Unknown database 'skincare_store' in C:\Users\Admin\Desktop\project_skincare_uniba\vendor\codeigniter4\framework\system\Database\MySQLi\Connection.php:229
Stack trace:
#0 C:\Users\Admin\Desktop\project_skincare_uniba\vendor\codeigniter4\framework\system\Database\BaseConnection.php(392): CodeIgniter\Database\MySQLi\Connection->connect(false)
#1 C:\Users\Admin\Desktop\project_skincare_uniba\vendor\codeigniter4\framework\system\Database\BaseConnection.php(575): CodeIgniter\Database\BaseConnection->initialize()
#2 C:\Users\Admin\Desktop\project_skincare_uniba\vendor\codeigniter4\framework\system\Database\BaseBuilder.php(1616): CodeIgniter\Database\BaseConnection->query('SELECT *\nFROM `...', Array, false)
#3 C:\Users\Admin\Desktop\project_skincare_uniba\vendor\codeigniter4\framework\system\Model.php(242): CodeIgniter\Database\BaseBuilder->get()
#4 C:\Users\Admin\Desktop\project_skincare_uniba\vendor\codeigniter4\framework\system\BaseModel.php(638): CodeIgniter\Model->doFindAll(0, 0)
#5 C:\Users\Admin\Desktop\project_skincare_uniba\app\Models\ProdukModel.php(11): CodeIgniter\BaseModel->findAll()
#6 C:\Users\Admin\Desktop\project_skincare_uniba\app\Controllers\Produk.php(20): App\Models\ProdukModel->getProduk()
#7 C:\Users\Admin\Desktop\project_skincare_uniba\vendor\codeigniter4\framework\system\CodeIgniter.php(941): App\Controllers\Produk->index()
#8 C:\Users\Admin\Desktop\project_skincare_uniba\vendor\codeigniter4\framework\system\CodeIgniter.php(502): CodeIgniter\CodeIgniter->runController(Object(App\Controllers\Produk))
#9 C:\Users\Admin\Desktop\project_skincare_uniba\vendor\codeigniter4\framework\system\CodeIgniter.php(361): CodeIgniter\CodeIgniter->handleRequest(NULL, Object(Config\Cache), false)
#10 C:\Users\Admin\Desktop\project_skincare_uniba\public\index.php(79): CodeIgniter\CodeIgniter->run()
#11 C:\Users\Admin\Desktop\project_skincare_uniba\vendor\codeigniter4\framework\system\Commands\Server\rewrite.php(47): require_once('C:\\Users\\Admin\\...')
#12 {main}
CRITICAL - 2024-05-01 13:32:50 --> CodeIgniter\Database\Exceptions\DatabaseException: Unable to connect to the database.
Main connection [MySQLi]: Unknown database 'skincare_store'
in SYSTEMPATH\Database\BaseConnection.php on line 428.
 1 SYSTEMPATH\Database\BaseConnection.php(575): CodeIgniter\Database\BaseConnection->initialize()
 2 SYSTEMPATH\Database\BaseBuilder.php(1616): CodeIgniter\Database\BaseConnection->query('SELECT *
FROM `produk`', [], false)
 3 SYSTEMPATH\Model.php(242): CodeIgniter\Database\BaseBuilder->get()
 4 SYSTEMPATH\BaseModel.php(638): CodeIgniter\Model->doFindAll(0, 0)
 5 APPPATH\Models\ProdukModel.php(11): CodeIgniter\BaseModel->findAll()
 6 APPPATH\Controllers\Produk.php(20): App\Models\ProdukModel->getProduk()
 7 SYSTEMPATH\CodeIgniter.php(941): App\Controllers\Produk->index()
 8 SYSTEMPATH\CodeIgniter.php(502): CodeIgniter\CodeIgniter->runController(Object(App\Controllers\Produk))
 9 SYSTEMPATH\CodeIgniter.php(361): CodeIgniter\CodeIgniter->handleRequest(null, Object(Config\Cache), false)
10 FCPATH\index.php(79): CodeIgniter\CodeIgniter->run()
11 SYSTEMPATH\Commands\Server\rewrite.php(47): require_once('C:\\Users\\Admin\\Desktop\\project_skincare_uniba\\public\\index.php')
